Using pre-set license
Built from '2020.3/staging' branch; Version is '2020.3.3f1 (76626098c1c4) revision 7758432'; Using compiler version '192528614'; Build Type 'Release'
OS: 'Windows 10 Pro; OS build 19041.928; Version 2004; 64bit' Language: 'en' Physical Memory: 8044 MB
BatchMode: 1, IsHumanControllingUs: 0, StartBugReporterOnCrash: 0, Is64bit: 1, IsPro: 0

 COMMAND LINE ARGUMENTS:
C:\Program Files\Unity\2020.3.3f1\Editor\Unity.exe
-adb2
-batchMode
-noUpm
-name
AssetImportWorker0
-projectPath
D:/Projects/Unity/MadBirds/MadBirds
-logFile
Logs/AssetImportWorker0.log
-srvPort
2770
Successfully changed project path to: D:/Projects/Unity/MadBirds/MadBirds
D:/Projects/Unity/MadBirds/MadBirds
Using Asset Import Pipeline V2.
Refreshing native plugins compatible for Editor in 35.07 ms, found 1 plugins.
Preloading 0 native plugins for Editor in 0.00 ms.
Initialize engine version: 2020.3.3f1 (76626098c1c4)
[Subsystems] Discovering subsystems at path C:/Program Files/Unity/2020.3.3f1/Editor/Data/Resources/UnitySubsystems
[Subsystems] Discovering subsystems at path D:/Projects/Unity/MadBirds/MadBirds/Assets
GfxDevice: creating device client; threaded=0
Direct3D:
    Version:  Direct3D 11.0 [level 11.1]
    Renderer: NVIDIA GeForce GTX 1050 (ID=0x1c92)
    Vendor:   
    VRAM:     4021 MB
    Driver:   27.21.14.5763
Initialize mono
Mono path[0] = 'C:/Program Files/Unity/2020.3.3f1/Editor/Data/Managed'
Mono path[1] = 'C:/Program Files/Unity/2020.3.3f1/Editor/Data/MonoBleedingEdge/lib/mono/unityjit'
Mono config path = 'C:/Program Files/Unity/2020.3.3f1/Editor/Data/MonoBleedingEdge/etc'
Using monoOptions --debugger-agent=transport=dt_socket,embedding=1,server=y,suspend=n,address=127.0.0.1:56028
Begin MonoManager ReloadAssembly
Registering precompiled unity dll's ...
Register platform support module: C:/Program Files/Unity/2020.3.3f1/Editor/Data/PlaybackEngines/WindowsStandaloneSupport/UnityEditor.WindowsStandalone.Extensions.dll
Registered in 0.001919 seconds.
Native extension for WindowsStandalone target not found
Refreshing native plugins compatible for Editor in 34.44 ms, found 1 plugins.
Preloading 0 native plugins for Editor in 0.00 ms.
Invoked RoslynAnalysisRunner static constructor.
RoslynAnalysisRunner will not be running.
RoslynAnalysisRunner has terminated.
Mono: successfully reloaded assembly
- Completed reload, in  1.034 seconds
Platform modules already initialized, skipping
Registering precompiled user dll's ...
Registered in 0.000728 seconds.
Begin MonoManager ReloadAssembly
Native extension for WindowsStandalone target not found
Refreshing native plugins compatible for Editor in 35.06 ms, found 1 plugins.
Preloading 0 native plugins for Editor in 0.00 ms.
Invoked RoslynAnalysisRunner static constructor.
RoslynAnalysisRunner will not be running.
RoslynAnalysisRunner has terminated.
Mono: successfully reloaded assembly
- Completed reload, in  0.958 seconds
Platform modules already initialized, skipping
========================================================================
Worker process is ready to serve import requests
Launched and connected shader compiler UnityShaderCompiler.exe after 0.07 seconds
Refreshing native plugins compatible for Editor in 0.31 ms, found 1 plugins.
Preloading 0 native plugins for Editor in 0.00 ms.
Unloading 1810 Unused Serialized files (Serialized files now loaded: 0)
System memory in use before: 85.0 MB.
System memory in use after: 85.0 MB.

Unloading 24 unused Assets to reduce memory usage. Loaded Objects now: 2253.
Total: 2.883700 ms (FindLiveObjects: 0.242000 ms CreateObjectMapping: 0.139200 ms MarkObjects: 2.329600 ms  DeleteObjects: 0.171700 ms)

========================================================================
Received Import Request.
  path: Assets/Scenes/Level2.unity
  artifactKey: Guid(5218da7174e0ec24485b19a60bc3e19e) Importer(815301076,1909f56bfc062723c751e8b465ee728b)
Start importing Assets/Scenes/Level2.unity using Guid(5218da7174e0ec24485b19a60bc3e19e) Importer(815301076,1909f56bfc062723c751e8b465ee728b)  -> (artifact id: 'e2ac735861cb365c375340bf46ccdfbb') in 0.011255 seconds
  Import took 0.017989 seconds .

========================================================================
Received Prepare
Registering precompiled user dll's ...
Registered in 0.000916 seconds.
Begin MonoManager ReloadAssembly
Native extension for WindowsStandalone target not found
Refreshing native plugins compatible for Editor in 0.33 ms, found 1 plugins.
Preloading 0 native plugins for Editor in 0.00 ms.
Invoked RoslynAnalysisRunner static constructor.
RoslynAnalysisRunner will not be running.
RoslynAnalysisRunner has terminated.
Mono: successfully reloaded assembly
- Completed reload, in  0.949 seconds
Platform modules already initialized, skipping
Refreshing native plugins compatible for Editor in 0.32 ms, found 1 plugins.
Preloading 0 native plugins for Editor in 0.00 ms.
Unloading 1805 Unused Serialized files (Serialized files now loaded: 0)
System memory in use before: 85.0 MB.
System memory in use after: 85.0 MB.

Unloading 12 unused Assets to reduce memory usage. Loaded Objects now: 2257.
Total: 2.021200 ms (FindLiveObjects: 0.194200 ms CreateObjectMapping: 0.074100 ms MarkObjects: 1.639600 ms  DeleteObjects: 0.112200 ms)

========================================================================
Received Import Request.
  Time since last request: 70.732376 seconds.
  path: Assets/Scripts/lEVELcONTROLLER.cs
  artifactKey: Guid(d2378f0bfd8fb42479963812322b2fe4) Importer(815301076,1909f56bfc062723c751e8b465ee728b)
Start importing Assets/Scripts/lEVELcONTROLLER.cs using Guid(d2378f0bfd8fb42479963812322b2fe4) Importer(815301076,1909f56bfc062723c751e8b465ee728b)  -> (artifact id: 'f8b7464478be064ebaf379c2047c96fa') in 0.040225 seconds
  Import took 0.044237 seconds .

========================================================================
Received Prepare
Registering precompiled user dll's ...
Registered in 0.001387 seconds.
Begin MonoManager ReloadAssembly
Native extension for WindowsStandalone target not found
Refreshing native plugins compatible for Editor in 0.53 ms, found 1 plugins.
Preloading 0 native plugins for Editor in 0.00 ms.
Invoked RoslynAnalysisRunner static constructor.
RoslynAnalysisRunner will not be running.
RoslynAnalysisRunner has terminated.
Mono: successfully reloaded assembly
- Completed reload, in  0.978 seconds
Platform modules already initialized, skipping
Refreshing native plugins compatible for Editor in 0.37 ms, found 1 plugins.
Preloading 0 native plugins for Editor in 0.00 ms.
Unloading 1806 Unused Serialized files (Serialized files now loaded: 0)
System memory in use before: 85.0 MB.
System memory in use after: 85.0 MB.

Unloading 12 unused Assets to reduce memory usage. Loaded Objects now: 2262.
Total: 2.498000 ms (FindLiveObjects: 0.280300 ms CreateObjectMapping: 0.099400 ms MarkObjects: 1.991000 ms  DeleteObjects: 0.125700 ms)

========================================================================
Received Import Request.
  Time since last request: 12.874404 seconds.
  path: Assets/Scripts/LevelController.cs
  artifactKey: Guid(d2378f0bfd8fb42479963812322b2fe4) Importer(815301076,1909f56bfc062723c751e8b465ee728b)
Start importing Assets/Scripts/LevelController.cs using Guid(d2378f0bfd8fb42479963812322b2fe4) Importer(815301076,1909f56bfc062723c751e8b465ee728b)  -> (artifact id: '0ed6fde807a4a9d337da37b0138279b9') in 0.007934 seconds
  Import took 0.012800 seconds .

========================================================================
Received Prepare
Registering precompiled user dll's ...
Registered in 0.000774 seconds.
Begin MonoManager ReloadAssembly
Native extension for WindowsStandalone target not found
Refreshing native plugins compatible for Editor in 1.14 ms, found 1 plugins.
Preloading 0 native plugins for Editor in 0.00 ms.
Invoked RoslynAnalysisRunner static constructor.
RoslynAnalysisRunner will not be running.
RoslynAnalysisRunner has terminated.
Mono: successfully reloaded assembly
- Completed reload, in  1.603 seconds
Platform modules already initialized, skipping
Refreshing native plugins compatible for Editor in 0.39 ms, found 1 plugins.
Preloading 0 native plugins for Editor in 0.00 ms.
Unloading 1806 Unused Serialized files (Serialized files now loaded: 0)
System memory in use before: 85.1 MB.
System memory in use after: 85.0 MB.

Unloading 12 unused Assets to reduce memory usage. Loaded Objects now: 2266.
Total: 9.183500 ms (FindLiveObjects: 0.588600 ms CreateObjectMapping: 0.322900 ms MarkObjects: 8.076000 ms  DeleteObjects: 0.192700 ms)

========================================================================
Received Import Request.
  Time since last request: 18.670699 seconds.
  path: Assets/Scripts/LevelController.cs
  artifactKey: Guid(d2378f0bfd8fb42479963812322b2fe4) Importer(815301076,1909f56bfc062723c751e8b465ee728b)
Start importing Assets/Scripts/LevelController.cs using Guid(d2378f0bfd8fb42479963812322b2fe4) Importer(815301076,1909f56bfc062723c751e8b465ee728b)  -> (artifact id: '3612aebd4609df5b9d40d80c809b1fc5') in 0.005275 seconds
  Import took 0.012090 seconds .

========================================================================
Received Prepare
Registering precompiled user dll's ...
Registered in 0.000823 seconds.
Begin MonoManager ReloadAssembly
Native extension for WindowsStandalone target not found
Refreshing native plugins compatible for Editor in 0.38 ms, found 1 plugins.
Preloading 0 native plugins for Editor in 0.00 ms.
Invoked RoslynAnalysisRunner static constructor.
RoslynAnalysisRunner will not be running.
RoslynAnalysisRunner has terminated.
Mono: successfully reloaded assembly
- Completed reload, in  0.988 seconds
Platform modules already initialized, skipping
Refreshing native plugins compatible for Editor in 0.34 ms, found 1 plugins.
Preloading 0 native plugins for Editor in 0.00 ms.
Unloading 1806 Unused Serialized files (Serialized files now loaded: 0)
System memory in use before: 85.1 MB.
System memory in use after: 85.1 MB.

Unloading 12 unused Assets to reduce memory usage. Loaded Objects now: 2270.
Total: 2.140700 ms (FindLiveObjects: 0.252700 ms CreateObjectMapping: 0.088300 ms MarkObjects: 1.697700 ms  DeleteObjects: 0.101200 ms)

========================================================================
Received Import Request.
  Time since last request: 575.533040 seconds.
  path: Assets/Scripts/LevelController.cs
  artifactKey: Guid(d2378f0bfd8fb42479963812322b2fe4) Importer(815301076,1909f56bfc062723c751e8b465ee728b)
Start importing Assets/Scripts/LevelController.cs using Guid(d2378f0bfd8fb42479963812322b2fe4) Importer(815301076,1909f56bfc062723c751e8b465ee728b)  -> (artifact id: 'a97024a7c34f4a5019c5e8c10060b8b4') in 0.004260 seconds
  Import took 0.007867 seconds .

========================================================================
Received Prepare
Registering precompiled user dll's ...
Registered in 0.002448 seconds.
Begin MonoManager ReloadAssembly
Native extension for WindowsStandalone target not found
Refreshing native plugins compatible for Editor in 0.38 ms, found 1 plugins.
Preloading 0 native plugins for Editor in 0.00 ms.
Invoked RoslynAnalysisRunner static constructor.
RoslynAnalysisRunner will not be running.
RoslynAnalysisRunner has terminated.
Mono: successfully reloaded assembly
- Completed reload, in  2.687 seconds
Platform modules already initialized, skipping
Refreshing native plugins compatible for Editor in 0.50 ms, found 1 plugins.
Preloading 0 native plugins for Editor in 0.00 ms.
Unloading 1806 Unused Serialized files (Serialized files now loaded: 0)
System memory in use before: 85.1 MB.
System memory in use after: 85.1 MB.

Unloading 12 unused Assets to reduce memory usage. Loaded Objects now: 2274.
Total: 2.813200 ms (FindLiveObjects: 0.179500 ms CreateObjectMapping: 0.070800 ms MarkObjects: 2.239700 ms  DeleteObjects: 0.322100 ms)

========================================================================
Received Import Request.
  Time since last request: 108.914236 seconds.
  path: Assets/Scripts/LevelController.cs
  artifactKey: Guid(d2378f0bfd8fb42479963812322b2fe4) Importer(815301076,1909f56bfc062723c751e8b465ee728b)
Start importing Assets/Scripts/LevelController.cs using Guid(d2378f0bfd8fb42479963812322b2fe4) Importer(815301076,1909f56bfc062723c751e8b465ee728b)  -> (artifact id: '26c193d1239ef1e3d7eeb1578ee3f289') in 0.010413 seconds
  Import took 0.021390 seconds .

========================================================================
Received Import Request.
  Time since last request: 12.162114 seconds.
  path: Assets/Scripts/LevelController.cs
  artifactKey: Guid(d2378f0bfd8fb42479963812322b2fe4) Importer(815301076,1909f56bfc062723c751e8b465ee728b)
Start importing Assets/Scripts/LevelController.cs using Guid(d2378f0bfd8fb42479963812322b2fe4) Importer(815301076,1909f56bfc062723c751e8b465ee728b)  -> (artifact id: '5fdb030d23854fcf4d3fb8e3da371f85') in 0.004829 seconds
  Import took 0.014610 seconds .

========================================================================
Received Prepare
Registering precompiled user dll's ...
Registered in 0.001736 seconds.
Begin MonoManager ReloadAssembly
Native extension for WindowsStandalone target not found
Refreshing native plugins compatible for Editor in 0.42 ms, found 1 plugins.
Preloading 0 native plugins for Editor in 0.00 ms.
Invoked RoslynAnalysisRunner static constructor.
RoslynAnalysisRunner will not be running.
RoslynAnalysisRunner has terminated.
Mono: successfully reloaded assembly
- Completed reload, in  1.260 seconds
Platform modules already initialized, skipping
Refreshing native plugins compatible for Editor in 0.32 ms, found 1 plugins.
Preloading 0 native plugins for Editor in 0.00 ms.
Unloading 1806 Unused Serialized files (Serialized files now loaded: 0)
System memory in use before: 85.1 MB.
System memory in use after: 85.1 MB.

Unloading 12 unused Assets to reduce memory usage. Loaded Objects now: 2278.
Total: 2.407800 ms (FindLiveObjects: 0.198700 ms CreateObjectMapping: 0.075000 ms MarkObjects: 1.990400 ms  DeleteObjects: 0.141900 ms)

========================================================================
Received Prepare
Registering precompiled user dll's ...
Registered in 0.000745 seconds.
Begin MonoManager ReloadAssembly
Native extension for WindowsStandalone target not found
Refreshing native plugins compatible for Editor in 0.58 ms, found 1 plugins.
Preloading 0 native plugins for Editor in 0.00 ms.
Invoked RoslynAnalysisRunner static constructor.
RoslynAnalysisRunner will not be running.
RoslynAnalysisRunner has terminated.
Mono: successfully reloaded assembly
- Completed reload, in  0.980 seconds
Platform modules already initialized, skipping
Refreshing native plugins compatible for Editor in 0.38 ms, found 1 plugins.
Preloading 0 native plugins for Editor in 0.00 ms.
Unloading 1806 Unused Serialized files (Serialized files now loaded: 0)
System memory in use before: 85.1 MB.
System memory in use after: 85.1 MB.

Unloading 12 unused Assets to reduce memory usage. Loaded Objects now: 2282.
Total: 3.175700 ms (FindLiveObjects: 0.353900 ms CreateObjectMapping: 0.105300 ms MarkObjects: 2.576200 ms  DeleteObjects: 0.138700 ms)

========================================================================
Received Import Request.
  Time since last request: 88.604424 seconds.
  path: Assets/Scripts/Bird.cs
  artifactKey: Guid(c732bc13e63af8840b028c11abdbd85b) Importer(815301076,1909f56bfc062723c751e8b465ee728b)
Start importing Assets/Scripts/Bird.cs using Guid(c732bc13e63af8840b028c11abdbd85b) Importer(815301076,1909f56bfc062723c751e8b465ee728b)  -> (artifact id: '4defca3623f444e9e265234fd53c8034') in 0.008424 seconds
  Import took 0.014568 seconds .

========================================================================
Received Import Request.
  Time since last request: 0.020347 seconds.
  path: Assets/Scripts/Bird.cs
  artifactKey: Guid(c732bc13e63af8840b028c11abdbd85b) Importer(815301076,1909f56bfc062723c751e8b465ee728b)
Start importing Assets/Scripts/Bird.cs using Guid(c732bc13e63af8840b028c11abdbd85b) Importer(815301076,1909f56bfc062723c751e8b465ee728b)  -> (artifact id: '4defca3623f444e9e265234fd53c8034') in 0.001914 seconds
  Import took 0.005850 seconds .

========================================================================
Received Prepare
Registering precompiled user dll's ...
Registered in 0.000767 seconds.
Begin MonoManager ReloadAssembly
Native extension for WindowsStandalone target not found
Refreshing native plugins compatible for Editor in 0.30 ms, found 1 plugins.
Preloading 0 native plugins for Editor in 0.00 ms.
Invoked RoslynAnalysisRunner static constructor.
RoslynAnalysisRunner will not be running.
RoslynAnalysisRunner has terminated.
Mono: successfully reloaded assembly
- Completed reload, in  0.944 seconds
Platform modules already initialized, skipping
Refreshing native plugins compatible for Editor in 0.43 ms, found 1 plugins.
Preloading 0 native plugins for Editor in 0.00 ms.
Unloading 1806 Unused Serialized files (Serialized files now loaded: 0)
System memory in use before: 85.1 MB.
System memory in use after: 85.1 MB.

Unloading 12 unused Assets to reduce memory usage. Loaded Objects now: 2286.
Total: 4.697900 ms (FindLiveObjects: 0.504400 ms CreateObjectMapping: 0.280700 ms MarkObjects: 3.678000 ms  DeleteObjects: 0.229800 ms)

========================================================================
Received Prepare
Registering precompiled user dll's ...
Registered in 0.000706 seconds.
Begin MonoManager ReloadAssembly
Native extension for WindowsStandalone target not found
Refreshing native plugins compatible for Editor in 1.42 ms, found 1 plugins.
Preloading 0 native plugins for Editor in 0.00 ms.
Invoked RoslynAnalysisRunner static constructor.
RoslynAnalysisRunner will not be running.
RoslynAnalysisRunner has terminated.
Mono: successfully reloaded assembly
- Completed reload, in  1.322 seconds
Platform modules already initialized, skipping
Refreshing native plugins compatible for Editor in 0.97 ms, found 1 plugins.
Preloading 0 native plugins for Editor in 0.00 ms.
Unloading 1806 Unused Serialized files (Serialized files now loaded: 0)
System memory in use before: 85.1 MB.
System memory in use after: 85.1 MB.

Unloading 12 unused Assets to reduce memory usage. Loaded Objects now: 2290.
Total: 6.329200 ms (FindLiveObjects: 1.218500 ms CreateObjectMapping: 1.312000 ms MarkObjects: 3.584800 ms  DeleteObjects: 0.208700 ms)

========================================================================
Received Import Request.
  Time since last request: 85.251259 seconds.
  path: Assets/Scripts/Monster.cs
  artifactKey: Guid(e6b1e233100f7914ebfd923a508ee2a3) Importer(815301076,1909f56bfc062723c751e8b465ee728b)
Start importing Assets/Scripts/Monster.cs using Guid(e6b1e233100f7914ebfd923a508ee2a3) Importer(815301076,1909f56bfc062723c751e8b465ee728b)  -> (artifact id: 'd68cc9334a5e868f4f5c8fdf3344d486') in 0.012503 seconds
  Import took 0.017143 seconds .

========================================================================
Received Import Request.
  Time since last request: 10.533715 seconds.
  path: Assets/Scenes/Level1.unity
  artifactKey: Guid(1b9d05c9313faae4db539e3de1fbffb5) Importer(815301076,1909f56bfc062723c751e8b465ee728b)
Start importing Assets/Scenes/Level1.unity using Guid(1b9d05c9313faae4db539e3de1fbffb5) Importer(815301076,1909f56bfc062723c751e8b465ee728b)  -> (artifact id: 'ed1563b6d5869f94a9bd8c31865b5421') in 0.024463 seconds
  Import took 0.028820 seconds .

========================================================================
Received Import Request.
  Time since last request: 33.444006 seconds.
  path: Assets/Scenes/Level1.unity
  artifactKey: Guid(1b9d05c9313faae4db539e3de1fbffb5) Importer(815301076,1909f56bfc062723c751e8b465ee728b)
Start importing Assets/Scenes/Level1.unity using Guid(1b9d05c9313faae4db539e3de1fbffb5) Importer(815301076,1909f56bfc062723c751e8b465ee728b)  -> (artifact id: 'c9c54c94ffdccb0e336391d4d925265f') in 0.004445 seconds
  Import took 0.010537 seconds .

========================================================================
Received Prepare
Registering precompiled user dll's ...
Registered in 0.000858 seconds.
Begin MonoManager ReloadAssembly
Native extension for WindowsStandalone target not found
Refreshing native plugins compatible for Editor in 0.37 ms, found 1 plugins.
Preloading 0 native plugins for Editor in 0.00 ms.
Invoked RoslynAnalysisRunner static constructor.
RoslynAnalysisRunner will not be running.
RoslynAnalysisRunner has terminated.
Mono: successfully reloaded assembly
- Completed reload, in  0.965 seconds
Platform modules already initialized, skipping
Refreshing native plugins compatible for Editor in 0.40 ms, found 1 plugins.
Preloading 0 native plugins for Editor in 0.00 ms.
Unloading 1806 Unused Serialized files (Serialized files now loaded: 0)
System memory in use before: 85.2 MB.
System memory in use after: 85.1 MB.

Unloading 12 unused Assets to reduce memory usage. Loaded Objects now: 2294.
Total: 2.965600 ms (FindLiveObjects: 0.416600 ms CreateObjectMapping: 0.125400 ms MarkObjects: 2.284200 ms  DeleteObjects: 0.137800 ms)

========================================================================
Received Prepare
Registering precompiled user dll's ...
Registered in 0.000937 seconds.
Begin MonoManager ReloadAssembly
Native extension for WindowsStandalone target not found
Refreshing native plugins compatible for Editor in 0.33 ms, found 1 plugins.
Preloading 0 native plugins for Editor in 0.00 ms.
Invoked RoslynAnalysisRunner static constructor.
RoslynAnalysisRunner will not be running.
RoslynAnalysisRunner has terminated.
Mono: successfully reloaded assembly
- Completed reload, in  0.944 seconds
Platform modules already initialized, skipping
Refreshing native plugins compatible for Editor in 0.32 ms, found 1 plugins.
Preloading 0 native plugins for Editor in 0.00 ms.
Unloading 1806 Unused Serialized files (Serialized files now loaded: 0)
System memory in use before: 85.2 MB.
System memory in use after: 85.1 MB.

Unloading 12 unused Assets to reduce memory usage. Loaded Objects now: 2298.
Total: 2.838800 ms (FindLiveObjects: 0.664000 ms CreateObjectMapping: 0.206700 ms MarkObjects: 1.849200 ms  DeleteObjects: 0.117600 ms)

========================================================================
Received Prepare
Registering precompiled user dll's ...
Registered in 0.000754 seconds.
Begin MonoManager ReloadAssembly
Native extension for WindowsStandalone target not found
Refreshing native plugins compatible for Editor in 0.33 ms, found 1 plugins.
Preloading 0 native plugins for Editor in 0.00 ms.
Invoked RoslynAnalysisRunner static constructor.
RoslynAnalysisRunner will not be running.
RoslynAnalysisRunner has terminated.
Mono: successfully reloaded assembly
- Completed reload, in  0.934 seconds
Platform modules already initialized, skipping
Refreshing native plugins compatible for Editor in 0.47 ms, found 1 plugins.
Preloading 0 native plugins for Editor in 0.00 ms.
Unloading 1806 Unused Serialized files (Serialized files now loaded: 0)
System memory in use before: 85.2 MB.
System memory in use after: 85.2 MB.

Unloading 12 unused Assets to reduce memory usage. Loaded Objects now: 2302.
Total: 2.170400 ms (FindLiveObjects: 0.197600 ms CreateObjectMapping: 0.076400 ms MarkObjects: 1.794300 ms  DeleteObjects: 0.101200 ms)

========================================================================
Received Prepare
Registering precompiled user dll's ...
Registered in 0.000764 seconds.
Begin MonoManager ReloadAssembly
Native extension for WindowsStandalone target not found
Refreshing native plugins compatible for Editor in 0.33 ms, found 1 plugins.
Preloading 0 native plugins for Editor in 0.00 ms.
Invoked RoslynAnalysisRunner static constructor.
RoslynAnalysisRunner will not be running.
RoslynAnalysisRunner has terminated.
Mono: successfully reloaded assembly
- Completed reload, in  0.947 seconds
Platform modules already initialized, skipping
Refreshing native plugins compatible for Editor in 0.42 ms, found 1 plugins.
Preloading 0 native plugins for Editor in 0.00 ms.
Unloading 1806 Unused Serialized files (Serialized files now loaded: 0)
System memory in use before: 85.2 MB.
System memory in use after: 85.2 MB.

Unloading 12 unused Assets to reduce memory usage. Loaded Objects now: 2306.
Total: 2.319600 ms (FindLiveObjects: 0.215000 ms CreateObjectMapping: 0.092100 ms MarkObjects: 1.905300 ms  DeleteObjects: 0.106400 ms)

========================================================================
Received Import Request.
  Time since last request: 166.064649 seconds.
  path: Assets/Scripts/Monster.cs
  artifactKey: Guid(e6b1e233100f7914ebfd923a508ee2a3) Importer(815301076,1909f56bfc062723c751e8b465ee728b)
Start importing Assets/Scripts/Monster.cs using Guid(e6b1e233100f7914ebfd923a508ee2a3) Importer(815301076,1909f56bfc062723c751e8b465ee728b)  -> (artifact id: '668d8f32c953d53e903a0e8b93bb08aa') in 0.067259 seconds
  Import took 0.083485 seconds .

========================================================================
Received Import Request.
  Time since last request: 29.853742 seconds.
  path: Assets/Scripts/Monster.cs
  artifactKey: Guid(e6b1e233100f7914ebfd923a508ee2a3) Importer(815301076,1909f56bfc062723c751e8b465ee728b)
Start importing Assets/Scripts/Monster.cs using Guid(e6b1e233100f7914ebfd923a508ee2a3) Importer(815301076,1909f56bfc062723c751e8b465ee728b)  -> (artifact id: '60977e1d838d083487a65b5d2b2030ce') in 0.005683 seconds
  Import took 0.033657 seconds .

========================================================================
Received Prepare
Registering precompiled user dll's ...
Registered in 0.000743 seconds.
Begin MonoManager ReloadAssembly
Native extension for WindowsStandalone target not found
Refreshing native plugins compatible for Editor in 0.37 ms, found 1 plugins.
Preloading 0 native plugins for Editor in 0.00 ms.
Invoked RoslynAnalysisRunner static constructor.
RoslynAnalysisRunner will not be running.
RoslynAnalysisRunner has terminated.
Mono: successfully reloaded assembly
- Completed reload, in  0.975 seconds
Platform modules already initialized, skipping
Refreshing native plugins compatible for Editor in 0.42 ms, found 1 plugins.
Preloading 0 native plugins for Editor in 0.00 ms.
Unloading 1806 Unused Serialized files (Serialized files now loaded: 0)
System memory in use before: 85.2 MB.
System memory in use after: 85.2 MB.

Unloading 12 unused Assets to reduce memory usage. Loaded Objects now: 2310.
Total: 2.083000 ms (FindLiveObjects: 0.194200 ms CreateObjectMapping: 0.073600 ms MarkObjects: 1.684300 ms  DeleteObjects: 0.130000 ms)

========================================================================
Received Prepare
Registering precompiled user dll's ...
Registered in 0.001136 seconds.
Begin MonoManager ReloadAssembly
Native extension for WindowsStandalone target not found
Refreshing native plugins compatible for Editor in 0.33 ms, found 1 plugins.
Preloading 0 native plugins for Editor in 0.00 ms.
Invoked RoslynAnalysisRunner static constructor.
RoslynAnalysisRunner will not be running.
RoslynAnalysisRunner has terminated.
Mono: successfully reloaded assembly
- Completed reload, in  0.903 seconds
Platform modules already initialized, skipping
Refreshing native plugins compatible for Editor in 0.33 ms, found 1 plugins.
Preloading 0 native plugins for Editor in 0.00 ms.
Unloading 1806 Unused Serialized files (Serialized files now loaded: 0)
System memory in use before: 85.2 MB.
System memory in use after: 85.2 MB.

Unloading 12 unused Assets to reduce memory usage. Loaded Objects now: 2314.
Total: 2.599400 ms (FindLiveObjects: 0.448800 ms CreateObjectMapping: 0.281700 ms MarkObjects: 1.760600 ms  DeleteObjects: 0.107000 ms)

========================================================================
Received Prepare
Registering precompiled user dll's ...
Registered in 0.001327 seconds.
Begin MonoManager ReloadAssembly
Native extension for WindowsStandalone target not found
Refreshing native plugins compatible for Editor in 0.37 ms, found 1 plugins.
Preloading 0 native plugins for Editor in 0.00 ms.
Invoked RoslynAnalysisRunner static constructor.
RoslynAnalysisRunner will not be running.
RoslynAnalysisRunner has terminated.
Mono: successfully reloaded assembly
- Completed reload, in  0.936 seconds
Platform modules already initialized, skipping
Refreshing native plugins compatible for Editor in 0.40 ms, found 1 plugins.
Preloading 0 native plugins for Editor in 0.00 ms.
Unloading 1806 Unused Serialized files (Serialized files now loaded: 0)
System memory in use before: 85.2 MB.
System memory in use after: 85.2 MB.

Unloading 12 unused Assets to reduce memory usage. Loaded Objects now: 2318.
Total: 2.704000 ms (FindLiveObjects: 0.515300 ms CreateObjectMapping: 0.261700 ms MarkObjects: 1.820100 ms  DeleteObjects: 0.105000 ms)

========================================================================
Received Prepare
Registering precompiled user dll's ...
Registered in 0.000813 seconds.
Begin MonoManager ReloadAssembly
Native extension for WindowsStandalone target not found
Refreshing native plugins compatible for Editor in 0.34 ms, found 1 plugins.
Preloading 0 native plugins for Editor in 0.00 ms.
Invoked RoslynAnalysisRunner static constructor.
RoslynAnalysisRunner will not be running.
RoslynAnalysisRunner has terminated.
Mono: successfully reloaded assembly
- Completed reload, in  0.922 seconds
Platform modules already initialized, skipping
Refreshing native plugins compatible for Editor in 0.33 ms, found 1 plugins.
Preloading 0 native plugins for Editor in 0.00 ms.
Unloading 1806 Unused Serialized files (Serialized files now loaded: 0)
System memory in use before: 85.2 MB.
System memory in use after: 85.2 MB.

Unloading 12 unused Assets to reduce memory usage. Loaded Objects now: 2322.
Total: 3.365300 ms (FindLiveObjects: 0.200300 ms CreateObjectMapping: 0.072000 ms MarkObjects: 2.977800 ms  DeleteObjects: 0.113100 ms)

========================================================================
Received Import Request.
  Time since last request: 165.016939 seconds.
  path: Assets/Scenes/Level1.unity
  artifactKey: Guid(1b9d05c9313faae4db539e3de1fbffb5) Importer(815301076,1909f56bfc062723c751e8b465ee728b)
Start importing Assets/Scenes/Level1.unity using Guid(1b9d05c9313faae4db539e3de1fbffb5) Importer(815301076,1909f56bfc062723c751e8b465ee728b)  -> (artifact id: '7b1940052a7e194203f8bd0e40a27209') in 0.016058 seconds
  Import took 0.022204 seconds .

========================================================================
Received Prepare
Registering precompiled user dll's ...
Registered in 0.000841 seconds.
Begin MonoManager ReloadAssembly
Native extension for WindowsStandalone target not found
Refreshing native plugins compatible for Editor in 0.45 ms, found 1 plugins.
Preloading 0 native plugins for Editor in 0.00 ms.
Invoked RoslynAnalysisRunner static constructor.
RoslynAnalysisRunner will not be running.
RoslynAnalysisRunner has terminated.
Mono: successfully reloaded assembly
- Completed reload, in  1.027 seconds
Platform modules already initialized, skipping
Refreshing native plugins compatible for Editor in 0.41 ms, found 1 plugins.
Preloading 0 native plugins for Editor in 0.00 ms.
Unloading 1806 Unused Serialized files (Serialized files now loaded: 0)
System memory in use before: 85.2 MB.
System memory in use after: 85.2 MB.

Unloading 12 unused Assets to reduce memory usage. Loaded Objects now: 2326.
Total: 2.161400 ms (FindLiveObjects: 0.188000 ms CreateObjectMapping: 0.062000 ms MarkObjects: 1.804700 ms  DeleteObjects: 0.105700 ms)

========================================================================
Received Prepare
Registering precompiled user dll's ...
Registered in 0.000814 seconds.
Begin MonoManager ReloadAssembly
Native extension for WindowsStandalone target not found
Refreshing native plugins compatible for Editor in 0.37 ms, found 1 plugins.
Preloading 0 native plugins for Editor in 0.00 ms.
Invoked RoslynAnalysisRunner static constructor.
RoslynAnalysisRunner will not be running.
RoslynAnalysisRunner has terminated.
Mono: successfully reloaded assembly
- Completed reload, in  1.012 seconds
Platform modules already initialized, skipping
Refreshing native plugins compatible for Editor in 0.98 ms, found 1 plugins.
Preloading 0 native plugins for Editor in 0.00 ms.
Unloading 1806 Unused Serialized files (Serialized files now loaded: 0)
System memory in use before: 85.3 MB.
System memory in use after: 85.2 MB.

Unloading 12 unused Assets to reduce memory usage. Loaded Objects now: 2330.
Total: 6.791600 ms (FindLiveObjects: 1.348200 ms CreateObjectMapping: 0.551100 ms MarkObjects: 4.674400 ms  DeleteObjects: 0.213400 ms)

========================================================================
Received Prepare
Registering precompiled user dll's ...
Registered in 0.000772 seconds.
Begin MonoManager ReloadAssembly
Native extension for WindowsStandalone target not found
Refreshing native plugins compatible for Editor in 1.49 ms, found 1 plugins.
Preloading 0 native plugins for Editor in 0.00 ms.
Invoked RoslynAnalysisRunner static constructor.
RoslynAnalysisRunner will not be running.
RoslynAnalysisRunner has terminated.
Mono: successfully reloaded assembly
- Completed reload, in  1.659 seconds
Platform modules already initialized, skipping
Refreshing native plugins compatible for Editor in 0.69 ms, found 1 plugins.
Preloading 0 native plugins for Editor in 0.00 ms.
Unloading 1806 Unused Serialized files (Serialized files now loaded: 0)
System memory in use before: 85.3 MB.
System memory in use after: 85.2 MB.

Unloading 12 unused Assets to reduce memory usage. Loaded Objects now: 2334.
Total: 2.091600 ms (FindLiveObjects: 0.213100 ms CreateObjectMapping: 0.077000 ms MarkObjects: 1.691200 ms  DeleteObjects: 0.108800 ms)

========================================================================
Received Prepare
Registering precompiled user dll's ...
Registered in 0.000712 seconds.
Begin MonoManager ReloadAssembly
Native extension for WindowsStandalone target not found
Refreshing native plugins compatible for Editor in 0.61 ms, found 1 plugins.
Preloading 0 native plugins for Editor in 0.00 ms.
Invoked RoslynAnalysisRunner static constructor.
RoslynAnalysisRunner will not be running.
RoslynAnalysisRunner has terminated.
Mono: successfully reloaded assembly
- Completed reload, in  1.385 seconds
Platform modules already initialized, skipping
Refreshing native plugins compatible for Editor in 0.52 ms, found 1 plugins.
Preloading 0 native plugins for Editor in 0.00 ms.
Unloading 1806 Unused Serialized files (Serialized files now loaded: 0)
System memory in use before: 85.3 MB.
System memory in use after: 85.2 MB.

Unloading 12 unused Assets to reduce memory usage. Loaded Objects now: 2338.
Total: 2.379400 ms (FindLiveObjects: 0.299300 ms CreateObjectMapping: 0.139000 ms MarkObjects: 1.801100 ms  DeleteObjects: 0.138400 ms)

========================================================================
Received Prepare
Registering precompiled user dll's ...
Registered in 0.000998 seconds.
Begin MonoManager ReloadAssembly
Native extension for WindowsStandalone target not found
Refreshing native plugins compatible for Editor in 0.37 ms, found 1 plugins.
Preloading 0 native plugins for Editor in 0.00 ms.
Invalid AssetDatabase path: /Editor/EditorResources/cm_logo_sm.png. Use path relative to the project folder.
UnityEngine.StackTraceUtility:ExtractStackTrace ()
UnityEditor.AssetDatabase:LoadAssetAtPath<UnityEngine.Texture2D> (string)
Cinemachine.Editor.CinemachineSettings:get_CinemachineLogoTexture () (at Library/PackageCache/com.unity.cinemachine@2.6.4/Editor/Windows/CinemachineSettings.cs:205)
Cinemachine.Editor.CinemachineSettings:.cctor () (at Library/PackageCache/com.unity.cinemachine@2.6.4/Editor/Windows/CinemachineSettings.cs:237)
Cinemachine.CinemachineColliderPrefs:.cctor () (at Library/PackageCache/com.unity.cinemachine@2.6.4/Editor/Windows/CinemachineColliderPrefs.cs:61)
System.Runtime.CompilerServices.RuntimeHelpers:RunClassConstructor (System.RuntimeTypeHandle)
UnityEditor.EditorAssemblies:ProcessInitializeOnLoadAttributes (System.Type[])

[Library/PackageCache/com.unity.cinemachine@2.6.4/Editor/Windows/CinemachineSettings.cs line 205]

Invoked RoslynAnalysisRunner static constructor.
RoslynAnalysisRunner will not be running.
RoslynAnalysisRunner has terminated.
Mono: successfully reloaded assembly
- Completed reload, in  0.909 seconds
Platform modules already initialized, skipping
Refreshing native plugins compatible for Editor in 0.35 ms, found 1 plugins.
Preloading 0 native plugins for Editor in 0.00 ms.
Unloading 1952 Unused Serialized files (Serialized files now loaded: 0)
System memory in use before: 90.3 MB.
System memory in use after: 90.3 MB.

Unloading 13 unused Assets to reduce memory usage. Loaded Objects now: 2487.
Total: 2.257400 ms (FindLiveObjects: 0.263400 ms CreateObjectMapping: 0.090700 ms MarkObjects: 1.705100 ms  DeleteObjects: 0.196900 ms)

========================================================================
Received Prepare
Registering precompiled user dll's ...
Registered in 0.000776 seconds.
Begin MonoManager ReloadAssembly
Native extension for WindowsStandalone target not found
Refreshing native plugins compatible for Editor in 0.36 ms, found 1 plugins.
Preloading 0 native plugins for Editor in 0.00 ms.
Invoked RoslynAnalysisRunner static constructor.
RoslynAnalysisRunner will not be running.
RoslynAnalysisRunner has terminated.
Mono: successfully reloaded assembly
- Completed reload, in  1.544 seconds
Platform modules already initialized, skipping
Refreshing native plugins compatible for Editor in 0.42 ms, found 1 plugins.
Preloading 0 native plugins for Editor in 0.00 ms.
Unloading 1953 Unused Serialized files (Serialized files now loaded: 0)
System memory in use before: 90.4 MB.
System memory in use after: 90.4 MB.

Unloading 14 unused Assets to reduce memory usage. Loaded Objects now: 2492.
Total: 2.882600 ms (FindLiveObjects: 0.400600 ms CreateObjectMapping: 0.496800 ms MarkObjects: 1.860500 ms  DeleteObjects: 0.123700 ms)

========================================================================
Received Prepare
Registering precompiled user dll's ...
Registered in 0.000853 seconds.
Begin MonoManager ReloadAssembly
Native extension for WindowsStandalone target not found
Refreshing native plugins compatible for Editor in 1.31 ms, found 1 plugins.
Preloading 0 native plugins for Editor in 0.00 ms.
Invoked RoslynAnalysisRunner static constructor.
RoslynAnalysisRunner will not be running.
RoslynAnalysisRunner has terminated.
Mono: successfully reloaded assembly
- Completed reload, in  1.492 seconds
Platform modules already initialized, skipping
Refreshing native plugins compatible for Editor in 0.47 ms, found 1 plugins.
Preloading 0 native plugins for Editor in 0.00 ms.
Unloading 1952 Unused Serialized files (Serialized files now loaded: 0)
System memory in use before: 90.4 MB.
System memory in use after: 90.4 MB.

Unloading 14 unused Assets to reduce memory usage. Loaded Objects now: 2496.
Total: 9.673500 ms (FindLiveObjects: 0.705900 ms CreateObjectMapping: 0.136700 ms MarkObjects: 8.538600 ms  DeleteObjects: 0.288900 ms)

========================================================================
Received Import Request.
  Time since last request: 1532.547688 seconds.
  path: Assets/Prefabs
  artifactKey: Guid(66227702782255d4485bce9b6bb33aca) Importer(815301076,1909f56bfc062723c751e8b465ee728b)
Start importing Assets/Prefabs using Guid(66227702782255d4485bce9b6bb33aca) Importer(815301076,1909f56bfc062723c751e8b465ee728b)  -> (artifact id: 'b6c8e36b76714d7cc1bef691acdde80a') in 0.014077 seconds
  Import took 0.019213 seconds .

========================================================================
Received Import Request.
  Time since last request: 18.204808 seconds.
  path: Assets/Prefabs/Red Bird.prefab
  artifactKey: Guid(cfbbd366a2aba2b499ce583c919331b8) Importer(815301076,1909f56bfc062723c751e8b465ee728b)
Start importing Assets/Prefabs/Red Bird.prefab using Guid(cfbbd366a2aba2b499ce583c919331b8) Importer(815301076,1909f56bfc062723c751e8b465ee728b)  -> (artifact id: '2cdac2327ab0840aefc2d96e2e39c4af') in 0.133417 seconds
  Import took 0.137689 seconds .

========================================================================
Received Import Request.
  Time since last request: 271.877279 seconds.
  path: Assets/Prefabs/Purple Monster.prefab
  artifactKey: Guid(71a12d21e51154f499a4000215f5504f) Importer(815301076,1909f56bfc062723c751e8b465ee728b)
Start importing Assets/Prefabs/Purple Monster.prefab using Guid(71a12d21e51154f499a4000215f5504f) Importer(815301076,1909f56bfc062723c751e8b465ee728b)  -> (artifact id: 'f51e942cda614bf452d84d012452117f') in 0.027898 seconds
  Import took 0.032047 seconds .

========================================================================
Received Import Request.
  Time since last request: 52.778434 seconds.
  path: Assets/Scenes/Level1.unity
  artifactKey: Guid(1b9d05c9313faae4db539e3de1fbffb5) Importer(815301076,1909f56bfc062723c751e8b465ee728b)
Start importing Assets/Scenes/Level1.unity using Guid(1b9d05c9313faae4db539e3de1fbffb5) Importer(815301076,1909f56bfc062723c751e8b465ee728b)  -> (artifact id: 'c4cadf868086b66e6a96bcee87bcf1e0') in 0.011626 seconds
  Import took 0.017233 seconds .

========================================================================
Received Import Request.
  Time since last request: 0.000527 seconds.
  path: Assets/Scenes/Level1.unity
  artifactKey: Guid(1b9d05c9313faae4db539e3de1fbffb5) Importer(815301076,1909f56bfc062723c751e8b465ee728b)
Start importing Assets/Scenes/Level1.unity using Guid(1b9d05c9313faae4db539e3de1fbffb5) Importer(815301076,1909f56bfc062723c751e8b465ee728b)  -> (artifact id: 'c4cadf868086b66e6a96bcee87bcf1e0') in 0.005789 seconds
  Import took 0.009806 seconds .

========================================================================
Received Import Request.
  Time since last request: 64.814137 seconds.
  path: Assets/Scenes/Level2.unity
  artifactKey: Guid(5218da7174e0ec24485b19a60bc3e19e) Importer(815301076,1909f56bfc062723c751e8b465ee728b)
Start importing Assets/Scenes/Level2.unity using Guid(5218da7174e0ec24485b19a60bc3e19e) Importer(815301076,1909f56bfc062723c751e8b465ee728b)  -> (artifact id: '9bd86f7dbb266c98274d882ce554d29a') in 0.013180 seconds
  Import took 0.018440 seconds .

========================================================================
Received Import Request.
  Time since last request: 0.000670 seconds.
  path: Assets/Scenes/Level2.unity
  artifactKey: Guid(5218da7174e0ec24485b19a60bc3e19e) Importer(815301076,1909f56bfc062723c751e8b465ee728b)
Start importing Assets/Scenes/Level2.unity using Guid(5218da7174e0ec24485b19a60bc3e19e) Importer(815301076,1909f56bfc062723c751e8b465ee728b)  -> (artifact id: '9bd86f7dbb266c98274d882ce554d29a') in 0.004990 seconds
  Import took 0.012238 seconds .

========================================================================
Received Import Request.
  Time since last request: 170.723809 seconds.
  path: Assets/Scenes/Level1.unity
  artifactKey: Guid(1b9d05c9313faae4db539e3de1fbffb5) Importer(815301076,1909f56bfc062723c751e8b465ee728b)
Start importing Assets/Scenes/Level1.unity using Guid(1b9d05c9313faae4db539e3de1fbffb5) Importer(815301076,1909f56bfc062723c751e8b465ee728b)  -> (artifact id: '7b1b19ef7f63396cffc0440c1af30fec') in 0.006606 seconds
  Import took 0.012941 seconds .

========================================================================
Received Import Request.
  Time since last request: 51.094344 seconds.
  path: Assets/Scenes/Camera Setup.prefab
  artifactKey: Guid(252abc81e8250034f89191e2442a1a5b) Importer(815301076,1909f56bfc062723c751e8b465ee728b)
Start importing Assets/Scenes/Camera Setup.prefab using Guid(252abc81e8250034f89191e2442a1a5b) Importer(815301076,1909f56bfc062723c751e8b465ee728b)  -> (artifact id: '82ad841858b6ec4fbbe14c4cd2729f80') in 0.027722 seconds
  Import took 0.031658 seconds .

========================================================================
Received Import Request.
  Time since last request: 63.036739 seconds.
  path: Assets/Scenes/Level1.unity
  artifactKey: Guid(1b9d05c9313faae4db539e3de1fbffb5) Importer(815301076,1909f56bfc062723c751e8b465ee728b)
Start importing Assets/Scenes/Level1.unity using Guid(1b9d05c9313faae4db539e3de1fbffb5) Importer(815301076,1909f56bfc062723c751e8b465ee728b)  -> (artifact id: '6d5ac03f2de42a5c697f3f32bbfcdff7') in 0.002934 seconds
  Import took 0.006674 seconds .

========================================================================
Received Import Request.
  Time since last request: 61.421069 seconds.
  path: Assets/Scenes/Level2.unity
  artifactKey: Guid(5218da7174e0ec24485b19a60bc3e19e) Importer(815301076,1909f56bfc062723c751e8b465ee728b)
Start importing Assets/Scenes/Level2.unity using Guid(5218da7174e0ec24485b19a60bc3e19e) Importer(815301076,1909f56bfc062723c751e8b465ee728b)  -> (artifact id: '1d5b4342f53694c0b936b31492b31d42') in 0.001863 seconds
  Import took 0.008368 seconds .

========================================================================
Received Import Request.
  Time since last request: 31.662435 seconds.
  path: Assets/Scenes/Level1.unity
  artifactKey: Guid(1b9d05c9313faae4db539e3de1fbffb5) Importer(815301076,1909f56bfc062723c751e8b465ee728b)
Start importing Assets/Scenes/Level1.unity using Guid(1b9d05c9313faae4db539e3de1fbffb5) Importer(815301076,1909f56bfc062723c751e8b465ee728b)  -> (artifact id: '684597a2832abbaa69625738c7a1b733') in 0.003219 seconds
  Import took 0.009465 seconds .

========================================================================
Received Import Request.
  Time since last request: 151.111899 seconds.
  path: Assets/Scenes/Level2.unity
  artifactKey: Guid(5218da7174e0ec24485b19a60bc3e19e) Importer(815301076,1909f56bfc062723c751e8b465ee728b)
Start importing Assets/Scenes/Level2.unity using Guid(5218da7174e0ec24485b19a60bc3e19e) Importer(815301076,1909f56bfc062723c751e8b465ee728b)  -> (artifact id: '4b3d06edc13371bd88354fb7d81c0c7a') in 0.003778 seconds
  Import took 0.008891 seconds .

========================================================================
Received Import Request.
  Time since last request: 44.589482 seconds.
  path: Assets/Scenes/Level1.unity
  artifactKey: Guid(1b9d05c9313faae4db539e3de1fbffb5) Importer(815301076,1909f56bfc062723c751e8b465ee728b)
Start importing Assets/Scenes/Level1.unity using Guid(1b9d05c9313faae4db539e3de1fbffb5) Importer(815301076,1909f56bfc062723c751e8b465ee728b)  -> (artifact id: 'b8eb78734c78b735c86219549ed08a81') in 0.003034 seconds
  Import took 0.010537 seconds .

========================================================================
Received Import Request.
  Time since last request: 12.491375 seconds.
  path: Assets/Prefabs/LevelController.prefab
  artifactKey: Guid(1a7b6b2ff6d1fb445a593679fe8cb987) Importer(815301076,1909f56bfc062723c751e8b465ee728b)
Start importing Assets/Prefabs/LevelController.prefab using Guid(1a7b6b2ff6d1fb445a593679fe8cb987) Importer(815301076,1909f56bfc062723c751e8b465ee728b)  -> (artifact id: '144a29bb617c8d86077bd5c90c2bf14a') in 0.007700 seconds
  Import took 0.012726 seconds .

========================================================================
Received Import Request.
  Time since last request: 21.973363 seconds.
  path: Assets/Scenes/Level1.unity
  artifactKey: Guid(1b9d05c9313faae4db539e3de1fbffb5) Importer(815301076,1909f56bfc062723c751e8b465ee728b)
Start importing Assets/Scenes/Level1.unity using Guid(1b9d05c9313faae4db539e3de1fbffb5) Importer(815301076,1909f56bfc062723c751e8b465ee728b)  -> (artifact id: 'c92b318eba1ece7955b8fc8ab570ba4b') in 0.005003 seconds
  Import took 0.008618 seconds .

========================================================================
Received Import Request.
  Time since last request: 0.901797 seconds.
  path: Assets/Scenes/Level2.unity
  artifactKey: Guid(5218da7174e0ec24485b19a60bc3e19e) Importer(815301076,1909f56bfc062723c751e8b465ee728b)
Start importing Assets/Scenes/Level2.unity using Guid(5218da7174e0ec24485b19a60bc3e19e) Importer(815301076,1909f56bfc062723c751e8b465ee728b)  -> (artifact id: '002ae2eef1dfe2aaae77c23dad16eb96') in 0.005654 seconds
  Import took 0.010677 seconds .

========================================================================
Received Prepare
Registering precompiled user dll's ...
Registered in 0.001037 seconds.
Begin MonoManager ReloadAssembly
Native extension for WindowsStandalone target not found
Refreshing native plugins compatible for Editor in 0.37 ms, found 1 plugins.
Preloading 0 native plugins for Editor in 0.00 ms.
Invoked RoslynAnalysisRunner static constructor.
RoslynAnalysisRunner will not be running.
RoslynAnalysisRunner has terminated.
Mono: successfully reloaded assembly
- Completed reload, in  0.956 seconds
Platform modules already initialized, skipping
Refreshing native plugins compatible for Editor in 0.40 ms, found 1 plugins.
Preloading 0 native plugins for Editor in 0.00 ms.
Unloading 1952 Unused Serialized files (Serialized files now loaded: 0)
System memory in use before: 93.6 MB.
System memory in use after: 93.6 MB.

Unloading 16 unused Assets to reduce memory usage. Loaded Objects now: 2507.
Total: 2.232500 ms (FindLiveObjects: 0.230200 ms CreateObjectMapping: 0.087400 ms MarkObjects: 1.781800 ms  DeleteObjects: 0.132000 ms)

========================================================================
Received Prepare
Registering precompiled user dll's ...
Registered in 0.000736 seconds.
Begin MonoManager ReloadAssembly
Native extension for WindowsStandalone target not found
Refreshing native plugins compatible for Editor in 0.65 ms, found 1 plugins.
Preloading 0 native plugins for Editor in 0.00 ms.
Invoked RoslynAnalysisRunner static constructor.
RoslynAnalysisRunner will not be running.
RoslynAnalysisRunner has terminated.
Mono: successfully reloaded assembly
- Completed reload, in  0.949 seconds
Platform modules already initialized, skipping
Refreshing native plugins compatible for Editor in 0.45 ms, found 1 plugins.
Preloading 0 native plugins for Editor in 0.00 ms.
Unloading 1952 Unused Serialized files (Serialized files now loaded: 0)
System memory in use before: 93.6 MB.
System memory in use after: 93.6 MB.

Unloading 14 unused Assets to reduce memory usage. Loaded Objects now: 2511.
Total: 2.504300 ms (FindLiveObjects: 0.262600 ms CreateObjectMapping: 0.085200 ms MarkObjects: 1.997800 ms  DeleteObjects: 0.157000 ms)

========================================================================
Received Import Request.
  Time since last request: 206.429894 seconds.
  path: Assets/Scenes/Level2.unity
  artifactKey: Guid(5218da7174e0ec24485b19a60bc3e19e) Importer(815301076,1909f56bfc062723c751e8b465ee728b)
Start importing Assets/Scenes/Level2.unity using Guid(5218da7174e0ec24485b19a60bc3e19e) Importer(815301076,1909f56bfc062723c751e8b465ee728b)  -> (artifact id: '60db2a81936911a7d39e2cf22cdcf6ea') in 0.016393 seconds
  Import took 0.021847 seconds .

========================================================================
Received Prepare
Registering precompiled user dll's ...
Registered in 0.001194 seconds.
Begin MonoManager ReloadAssembly
Native extension for WindowsStandalone target not found
Refreshing native plugins compatible for Editor in 0.39 ms, found 1 plugins.
Preloading 0 native plugins for Editor in 0.00 ms.
Invoked RoslynAnalysisRunner static constructor.
RoslynAnalysisRunner will not be running.
RoslynAnalysisRunner has terminated.
Mono: successfully reloaded assembly
- Completed reload, in  0.898 seconds
Platform modules already initialized, skipping
Refreshing native plugins compatible for Editor in 0.49 ms, found 1 plugins.
Preloading 0 native plugins for Editor in 0.00 ms.
Unloading 1952 Unused Serialized files (Serialized files now loaded: 0)
System memory in use before: 93.6 MB.
System memory in use after: 93.6 MB.

Unloading 14 unused Assets to reduce memory usage. Loaded Objects now: 2515.
Total: 2.099300 ms (FindLiveObjects: 0.204600 ms CreateObjectMapping: 0.078800 ms MarkObjects: 1.712600 ms  DeleteObjects: 0.102300 ms)

========================================================================
Received Prepare
Registering precompiled user dll's ...
Registered in 0.000990 seconds.
Begin MonoManager ReloadAssembly
Native extension for WindowsStandalone target not found
Refreshing native plugins compatible for Editor in 0.38 ms, found 1 plugins.
Preloading 0 native plugins for Editor in 0.00 ms.
Invoked RoslynAnalysisRunner static constructor.
RoslynAnalysisRunner will not be running.
RoslynAnalysisRunner has terminated.
Mono: successfully reloaded assembly
- Completed reload, in  0.830 seconds
Platform modules already initialized, skipping
Refreshing native plugins compatible for Editor in 0.35 ms, found 1 plugins.
Preloading 0 native plugins for Editor in 0.00 ms.
Unloading 1952 Unused Serialized files (Serialized files now loaded: 0)
System memory in use before: 93.6 MB.
System memory in use after: 93.6 MB.

Unloading 14 unused Assets to reduce memory usage. Loaded Objects now: 2519.
Total: 2.591400 ms (FindLiveObjects: 0.466100 ms CreateObjectMapping: 0.242400 ms MarkObjects: 1.767400 ms  DeleteObjects: 0.113900 ms)

AssetImportWorkerClient::OnTransportError - code=2 error=End of file
